<?xml version="1.0" encoding="UTF-8"?>
<coverage generated="1655360125324" clover="3.2.0">
  <project timestamp="1655360125324" name="All files">
    <metrics statements="48" coveredstatements="42" conditionals="18" coveredconditionals="17" methods="14" coveredmethods="11" elements="80" coveredelements="70" complexity="0" loc="48" ncloc="48" packages="3" files="5" classes="5"/>
    <package name="email">
      <metrics statements="7" coveredstatements="5" conditionals="0" coveredconditionals="0" methods="3" coveredmethods="1"/>
      <file name="contacto.ts" path="C:\Users\Usuario\Desktop\Email Integrador\email\contacto.ts">
        <metrics statements="7" coveredstatements="5" conditionals="0" coveredconditionals="0" methods="3" coveredmethods="1"/>
        <line num="1" count="1" type="stmt"/>
        <line num="3" count="28" type="stmt"/>
        <line num="4" count="28" type="stmt"/>
        <line num="8" count="28" type="stmt"/>
        <line num="9" count="28" type="stmt"/>
        <line num="13" count="0" type="stmt"/>
        <line num="17" count="0" type="stmt"/>
      </file>
    </package>
    <package name="email.CarpetaComposite">
      <metrics statements="27" coveredstatements="24" conditionals="5" coveredconditionals="4" methods="6" coveredmethods="5"/>
      <file name="CarpetaComposite.ts" path="C:\Users\Usuario\Desktop\Email Integrador\email\CarpetaComposite\CarpetaComposite.ts">
        <metrics statements="16" coveredstatements="13" conditionals="5" coveredconditionals="4" methods="4" coveredmethods="3"/>
        <line num="1" count="1" type="stmt"/>
        <line num="3" count="1" type="stmt"/>
        <line num="4" count="5" type="stmt"/>
        <line num="9" count="5" type="stmt"/>
        <line num="10" count="5" type="stmt"/>
        <line num="11" count="5" type="stmt"/>
        <line num="18" count="4" type="stmt"/>
        <line num="19" count="4" type="stmt"/>
        <line num="20" count="14" type="cond" truecount="2" falsecount="0"/>
        <line num="21" count="1" type="stmt"/>
        <line num="23" count="13" type="stmt"/>
        <line num="26" count="4" type="stmt"/>
        <line num="30" count="10" type="stmt"/>
        <line num="34" count="0" type="stmt"/>
        <line num="35" count="0" type="cond" truecount="0" falsecount="1"/>
        <line num="36" count="0" type="stmt"/>
      </file>
      <file name="EmailComponent.ts" path="C:\Users\Usuario\Desktop\Email Integrador\email\CarpetaComposite\EmailComponent.ts">
        <metrics statements="5" coveredstatements="5" conditionals="0" coveredconditionals="0" methods="1" coveredmethods="1"/>
        <line num="1" count="1" type="stmt"/>
        <line num="2" count="19" type="stmt"/>
        <line num="3" count="19" type="stmt"/>
        <line num="6" count="19" type="stmt"/>
        <line num="7" count="19" type="stmt"/>
      </file>
      <file name="EmailLeaf.ts" path="C:\Users\Usuario\Desktop\Email Integrador\email\CarpetaComposite\EmailLeaf.ts">
        <metrics statements="6" coveredstatements="6" conditionals="0" coveredconditionals="0" methods="1" coveredmethods="1"/>
        <line num="2" count="1" type="stmt"/>
        <line num="4" count="1" type="stmt"/>
        <line num="6" count="14" type="stmt"/>
        <line num="9" count="14" type="stmt"/>
        <line num="10" count="14" type="stmt"/>
        <line num="11" count="14" type="stmt"/>
      </file>
    </package>
    <package name="email.EmailManagerSingleton">
      <metrics statements="14" coveredstatements="13" conditionals="13" coveredconditionals="13" methods="5" coveredmethods="5"/>
      <file name="EmailManagerSing.ts" path="C:\Users\Usuario\Desktop\Email Integrador\email\EmailManagerSingleton\EmailManagerSing.ts">
        <metrics statements="14" coveredstatements="13" conditionals="13" coveredconditionals="13" methods="5" coveredmethods="5"/>
        <line num="2" count="1" type="stmt"/>
        <line num="5" count="1" type="stmt"/>
        <line num="8" count="1" type="stmt"/>
        <line num="9" count="1" type="stmt"/>
        <line num="19" count="1" type="cond" truecount="1" falsecount="0"/>
        <line num="20" count="1" type="stmt"/>
        <line num="23" count="1" type="stmt"/>
        <line num="29" count="1" type="cond" truecount="5" falsecount="0"/>
        <line num="30" count="1" type="stmt"/>
        <line num="35" count="3" type="cond" truecount="5" falsecount="0"/>
        <line num="36" count="3" type="stmt"/>
        <line num="37" count="3" type="stmt"/>
        <line num="39" count="0" type="stmt"/>
        <line num="43" count="4" type="stmt"/>
      </file>
    </package>
  </project>
</coverage>
