{"C:\\Users\\Usuario\\Desktop\\Email Integrador\\email\\contacto.ts": {"path":"C:\\Users\\Usuario\\Desktop\\Email Integrador\\email\\contacto.ts","statementMap":{"0":{"start":{"line":3,"column":12},"end":{"line":3,"column":32}},"1":{"start":{"line":4,"column":12},"end":{"line":4,"column":31}},"2":{"start":{"line":8,"column":8},"end":{"line":8,"column":29}},"3":{"start":{"line":9,"column":8},"end":{"line":9,"column":27}},"4":{"start":{"line":13,"column":8},"end":{"line":13,"column":27}},"5":{"start":{"line":17,"column":8},"end":{"line":17,"column":26}},"6":{"start":{"line":1,"column":0},"end":{"line":1,"column":13}}},"fnMap":{"0":{"name":"(anonymous_0)","decl":{"start":{"line":6,"column":4},"end":{"line":6,"column":16}},"loc":{"start":{"line":6,"column":45},"end":{"line":10,"column":5}}},"1":{"name":"(anonymous_1)","decl":{"start":{"line":12,"column":11},"end":{"line":12,"column":20}},"loc":{"start":{"line":12,"column":20},"end":{"line":14,"column":5}}},"2":{"name":"(anonymous_2)","decl":{"start":{"line":16,"column":11},"end":{"line":16,"column":19}},"loc":{"start":{"line":16,"column":19},"end":{"line":18,"column":5}}}},"branchMap":{},"s":{"0":32,"1":32,"2":32,"3":32,"4":0,"5":0,"6":1},"f":{"0":32,"1":0,"2":0},"b":{}}
,"C:\\Users\\Usuario\\Desktop\\Email Integrador\\email\\CarpetaComposite\\CarpetaComposite.ts": {"path":"C:\\Users\\Usuario\\Desktop\\Email Integrador\\email\\CarpetaComposite\\CarpetaComposite.ts","statementMap":{"0":{"start":{"line":1,"column":0},"end":{"line":1,"column":50}},"1":{"start":{"line":9,"column":8},"end":{"line":9,"column":33}},"2":{"start":{"line":4,"column":12},"end":{"line":4,"column":42}},"3":{"start":{"line":10,"column":8},"end":{"line":10,"column":29}},"4":{"start":{"line":11,"column":8},"end":{"line":11,"column":43}},"5":{"start":{"line":18,"column":23},"end":{"line":18,"column":24}},"6":{"start":{"line":19,"column":8},"end":{"line":25,"column":null}},"7":{"start":{"line":20,"column":12},"end":{"line":24,"column":null}},"8":{"start":{"line":21,"column":16},"end":{"line":21,"column":53}},"9":{"start":{"line":23,"column":16},"end":{"line":23,"column":30}},"10":{"start":{"line":26,"column":8},"end":{"line":26,"column":24}},"11":{"start":{"line":30,"column":8},"end":{"line":30,"column":36}},"12":{"start":{"line":34,"column":20},"end":{"line":34,"column":46}},"13":{"start":{"line":35,"column":8},"end":{"line":37,"column":null}},"14":{"start":{"line":36,"column":12},"end":{"line":36,"column":41}},"15":{"start":{"line":3,"column":0},"end":{"line":3,"column":13}}},"fnMap":{"0":{"name":"(anonymous_0)","decl":{"start":{"line":8,"column":4},"end":{"line":8,"column":16}},"loc":{"start":{"line":8,"column":82},"end":{"line":12,"column":5}}},"1":{"name":"(anonymous_1)","decl":{"start":{"line":15,"column":11},"end":{"line":15,"column":25}},"loc":{"start":{"line":15,"column":25},"end":{"line":27,"column":5}}},"2":{"name":"(anonymous_2)","decl":{"start":{"line":29,"column":11},"end":{"line":29,"column":14}},"loc":{"start":{"line":29,"column":40},"end":{"line":31,"column":5}}},"3":{"name":"(anonymous_3)","decl":{"start":{"line":33,"column":11},"end":{"line":33,"column":17}},"loc":{"start":{"line":33,"column":39},"end":{"line":38,"column":5}}}},"branchMap":{"0":{"loc":{"start":{"line":8,"column":55},"end":{"line":8,"column":66}},"type":"default-arg","locations":[{"start":{"line":8,"column":64},"end":{"line":8,"column":66}}]},"1":{"loc":{"start":{"line":8,"column":68},"end":{"line":8,"column":82}},"type":"default-arg","locations":[{"start":{"line":8,"column":80},"end":{"line":8,"column":82}}]},"2":{"loc":{"start":{"line":20,"column":12},"end":{"line":24,"column":null}},"type":"if","locations":[{"start":{"line":20,"column":12},"end":{"line":24,"column":null}},{"start":{"line":22,"column":19},"end":{"line":24,"column":null}}]},"3":{"loc":{"start":{"line":35,"column":8},"end":{"line":37,"column":null}},"type":"if","locations":[{"start":{"line":35,"column":8},"end":{"line":37,"column":null}}]}},"s":{"0":1,"1":7,"2":7,"3":7,"4":7,"5":7,"6":7,"7":22,"8":1,"9":21,"10":7,"11":15,"12":1,"13":1,"14":1,"15":1},"f":{"0":7,"1":7,"2":15,"3":1},"b":{"0":[7],"1":[7],"2":[1,21],"3":[1]}}
,"C:\\Users\\Usuario\\Desktop\\Email Integrador\\email\\CarpetaComposite\\EmailComponent.ts": {"path":"C:\\Users\\Usuario\\Desktop\\Email Integrador\\email\\CarpetaComposite\\EmailComponent.ts","statementMap":{"0":{"start":{"line":2,"column":11},"end":{"line":2,"column":31}},"1":{"start":{"line":3,"column":11},"end":{"line":3,"column":34}},"2":{"start":{"line":6,"column":8},"end":{"line":6,"column":29}},"3":{"start":{"line":7,"column":8},"end":{"line":7,"column":35}},"4":{"start":{"line":1,"column":0},"end":{"line":1,"column":22}}},"fnMap":{"0":{"name":"(anonymous_0)","decl":{"start":{"line":5,"column":4},"end":{"line":5,"column":16}},"loc":{"start":{"line":5,"column":49},"end":{"line":8,"column":5}}}},"branchMap":{},"s":{"0":23,"1":23,"2":23,"3":23,"4":1},"f":{"0":23},"b":{}}
,"C:\\Users\\Usuario\\Desktop\\Email Integrador\\email\\CarpetaComposite\\EmailLeaf.ts": {"path":"C:\\Users\\Usuario\\Desktop\\Email Integrador\\email\\CarpetaComposite\\EmailLeaf.ts","statementMap":{"0":{"start":{"line":2,"column":0},"end":{"line":2,"column":50}},"1":{"start":{"line":9,"column":8},"end":{"line":9,"column":33}},"2":{"start":{"line":6,"column":11},"end":{"line":6,"column":38}},"3":{"start":{"line":10,"column":8},"end":{"line":10,"column":35}},"4":{"start":{"line":11,"column":8},"end":{"line":11,"column":25}},"5":{"start":{"line":4,"column":0},"end":{"line":4,"column":13}}},"fnMap":{"0":{"name":"(anonymous_0)","decl":{"start":{"line":8,"column":4},"end":{"line":8,"column":16}},"loc":{"start":{"line":8,"column":93},"end":{"line":12,"column":5}}}},"branchMap":{},"s":{"0":1,"1":16,"2":16,"3":16,"4":16,"5":1},"f":{"0":16},"b":{}}
,"C:\\Users\\Usuario\\Desktop\\Email Integrador\\email\\EmailManagerSingleton\\EmailManagerSing.ts": {"path":"C:\\Users\\Usuario\\Desktop\\Email Integrador\\email\\EmailManagerSingleton\\EmailManagerSing.ts","statementMap":{"0":{"start":{"line":2,"column":0},"end":{"line":2,"column":72}},"1":{"start":{"line":4,"column":0},"end":{"line":4,"column":67}},"2":{"start":{"line":9,"column":11},"end":{"line":9,"column":45}},"3":{"start":{"line":10,"column":11},"end":{"line":10,"column":45}},"4":{"start":{"line":11,"column":11},"end":{"line":11,"column":45}},"5":{"start":{"line":20,"column":8},"end":{"line":22,"column":null}},"6":{"start":{"line":21,"column":12},"end":{"line":21,"column":63}},"7":{"start":{"line":24,"column":8},"end":{"line":24,"column":41}},"8":{"start":{"line":29,"column":8},"end":{"line":31,"column":null}},"9":{"start":{"line":30,"column":12},"end":{"line":30,"column":45}},"10":{"start":{"line":35,"column":8},"end":{"line":38,"column":null}},"11":{"start":{"line":36,"column":12},"end":{"line":36,"column":null}},"12":{"start":{"line":37,"column":12},"end":{"line":37,"column":null}},"13":{"start":{"line":39,"column":8},"end":{"line":39,"column":21}},"14":{"start":{"line":43,"column":8},"end":{"line":43,"column":50}},"15":{"start":{"line":47,"column":8},"end":{"line":47,"column":47}},"16":{"start":{"line":51,"column":8},"end":{"line":51,"column":46}},"17":{"start":{"line":6,"column":0},"end":{"line":6,"column":13}}},"fnMap":{"0":{"name":"(anonymous_0)","decl":{"start":{"line":14,"column":4},"end":{"line":14,"column":null}},"loc":{"start":{"line":14,"column":4},"end":{"line":15,"column":5}}},"1":{"name":"(anonymous_1)","decl":{"start":{"line":18,"column":11},"end":{"line":18,"column":17}},"loc":{"start":{"line":18,"column":29},"end":{"line":25,"column":5}}},"2":{"name":"(anonymous_2)","decl":{"start":{"line":27,"column":11},"end":{"line":27,"column":17}},"loc":{"start":{"line":27,"column":34},"end":{"line":32,"column":5}}},"3":{"name":"(anonymous_3)","decl":{"start":{"line":34,"column":11},"end":{"line":34,"column":23}},"loc":{"start":{"line":34,"column":94},"end":{"line":40,"column":5}}},"4":{"name":"(anonymous_4)","decl":{"start":{"line":42,"column":11},"end":{"line":42,"column":21}},"loc":{"start":{"line":42,"column":68},"end":{"line":44,"column":5}}},"5":{"name":"(anonymous_5)","decl":{"start":{"line":46,"column":11},"end":{"line":46,"column":22}},"loc":{"start":{"line":46,"column":58},"end":{"line":48,"column":5}}},"6":{"name":"(anonymous_6)","decl":{"start":{"line":50,"column":11},"end":{"line":50,"column":25}},"loc":{"start":{"line":50,"column":45},"end":{"line":52,"column":5}}}},"branchMap":{"0":{"loc":{"start":{"line":20,"column":8},"end":{"line":22,"column":null}},"type":"if","locations":[{"start":{"line":20,"column":8},"end":{"line":22,"column":null}}]},"1":{"loc":{"start":{"line":29,"column":8},"end":{"line":31,"column":null}},"type":"if","locations":[{"start":{"line":29,"column":8},"end":{"line":31,"column":null}}]},"2":{"loc":{"start":{"line":29,"column":12},"end":{"line":29,"column":107}},"type":"binary-expr","locations":[{"start":{"line":29,"column":12},"end":{"line":29,"column":30}},{"start":{"line":29,"column":34},"end":{"line":29,"column":55}},{"start":{"line":29,"column":59},"end":{"line":29,"column":80}},{"start":{"line":29,"column":84},"end":{"line":29,"column":107}}]},"3":{"loc":{"start":{"line":34,"column":65},"end":{"line":34,"column":77}},"type":"default-arg","locations":[{"start":{"line":34,"column":75},"end":{"line":34,"column":77}}]},"4":{"loc":{"start":{"line":34,"column":79},"end":{"line":34,"column":94}},"type":"default-arg","locations":[{"start":{"line":34,"column":92},"end":{"line":34,"column":94}}]},"5":{"loc":{"start":{"line":35,"column":8},"end":{"line":38,"column":null}},"type":"if","locations":[{"start":{"line":35,"column":8},"end":{"line":38,"column":null}}]},"6":{"loc":{"start":{"line":35,"column":11},"end":{"line":35,"column":86}},"type":"binary-expr","locations":[{"start":{"line":35,"column":11},"end":{"line":35,"column":23}},{"start":{"line":35,"column":27},"end":{"line":35,"column":49}},{"start":{"line":35,"column":53},"end":{"line":35,"column":66}},{"start":{"line":35,"column":70},"end":{"line":35,"column":86}}]}},"s":{"0":1,"1":1,"2":1,"3":1,"4":1,"5":1,"6":1,"7":1,"8":1,"9":1,"10":3,"11":3,"12":3,"13":0,"14":8,"15":1,"16":4,"17":1},"f":{"0":1,"1":1,"2":1,"3":3,"4":8,"5":1,"6":4},"b":{"0":[1],"1":[1],"2":[1,1,1,1],"3":[2],"4":[2],"5":[3],"6":[3,3,3,3]}}
,"C:\\Users\\Usuario\\Desktop\\Email Integrador\\email\\Proxy\\carpetaPrivadaProxy.ts": {"path":"C:\\Users\\Usuario\\Desktop\\Email Integrador\\email\\Proxy\\carpetaPrivadaProxy.ts","statementMap":{"0":{"start":{"line":1,"column":0},"end":{"line":1,"column":72}},"1":{"start":{"line":9,"column":8},"end":{"line":14,"column":null}},"2":{"start":{"line":10,"column":12},"end":{"line":12,"column":null}},"3":{"start":{"line":11,"column":16},"end":{"line":11,"column":74}},"4":{"start":{"line":13,"column":12},"end":{"line":13,"column":40}},"5":{"start":{"line":4,"column":0},"end":{"line":4,"column":13}}},"fnMap":{"0":{"name":"(anonymous_0)","decl":{"start":{"line":8,"column":4},"end":{"line":8,"column":10}},"loc":{"start":{"line":8,"column":27},"end":{"line":15,"column":5}}}},"branchMap":{"0":{"loc":{"start":{"line":9,"column":8},"end":{"line":14,"column":null}},"type":"if","locations":[{"start":{"line":9,"column":8},"end":{"line":14,"column":null}}]},"1":{"loc":{"start":{"line":10,"column":12},"end":{"line":12,"column":null}},"type":"if","locations":[{"start":{"line":10,"column":12},"end":{"line":12,"column":null}}]}},"s":{"0":1,"1":4,"2":4,"3":1,"4":4,"5":1},"f":{"0":4},"b":{"0":[4],"1":[1]}}
}
