TN:
SF:contacto.ts
FN:6,(anonymous_0)
FN:12,(anonymous_1)
FN:16,(anonymous_2)
FNF:3
FNH:1
FNDA:32,(anonymous_0)
FNDA:0,(anonymous_1)
FNDA:0,(anonymous_2)
DA:1,1
DA:3,32
DA:4,32
DA:8,32
DA:9,32
DA:13,0
DA:17,0
LF:7
LH:5
BRF:0
BRH:0
end_of_record
TN:
SF:CarpetaComposite\CarpetaComposite.ts
FN:8,(anonymous_0)
FN:15,(anonymous_1)
FN:29,(anonymous_2)
FN:33,(anonymous_3)
FNF:4
FNH:4
FNDA:7,(anonymous_0)
FNDA:7,(anonymous_1)
FNDA:15,(anonymous_2)
FNDA:1,(anonymous_3)
DA:1,1
DA:3,1
DA:4,7
DA:9,7
DA:10,7
DA:11,7
DA:18,7
DA:19,7
DA:20,22
DA:21,1
DA:23,21
DA:26,7
DA:30,15
DA:34,1
DA:35,1
DA:36,1
LF:16
LH:16
BRDA:8,0,0,7
BRDA:8,1,0,7
BRDA:20,2,0,1
BRDA:20,2,1,21
BRDA:35,3,0,1
BRF:5
BRH:5
end_of_record
TN:
SF:CarpetaComposite\EmailComponent.ts
FN:5,(anonymous_0)
FNF:1
FNH:1
FNDA:23,(anonymous_0)
DA:1,1
DA:2,23
DA:3,23
DA:6,23
DA:7,23
LF:5
LH:5
BRF:0
BRH:0
end_of_record
TN:
SF:CarpetaComposite\EmailLeaf.ts
FN:8,(anonymous_0)
FNF:1
FNH:1
FNDA:16,(anonymous_0)
DA:2,1
DA:4,1
DA:6,16
DA:9,16
DA:10,16
DA:11,16
LF:6
LH:6
BRF:0
BRH:0
end_of_record
TN:
SF:EmailManagerSingleton\EmailManagerSing.ts
FN:14,(anonymous_0)
FN:18,(anonymous_1)
FN:27,(anonymous_2)
FN:34,(anonymous_3)
FN:42,(anonymous_4)
FN:46,(anonymous_5)
FN:50,(anonymous_6)
FNF:7
FNH:7
FNDA:1,(anonymous_0)
FNDA:1,(anonymous_1)
FNDA:1,(anonymous_2)
FNDA:3,(anonymous_3)
FNDA:8,(anonymous_4)
FNDA:1,(anonymous_5)
FNDA:4,(anonymous_6)
DA:2,1
DA:4,1
DA:6,1
DA:9,1
DA:10,1
DA:11,1
DA:20,1
DA:21,1
DA:24,1
DA:29,1
DA:30,1
DA:35,3
DA:36,3
DA:37,3
DA:39,0
DA:43,8
DA:47,1
DA:51,4
LF:18
LH:17
BRDA:20,0,0,1
BRDA:29,1,0,1
BRDA:29,2,0,1
BRDA:29,2,1,1
BRDA:29,2,2,1
BRDA:29,2,3,1
BRDA:34,3,0,2
BRDA:34,4,0,2
BRDA:35,5,0,3
BRDA:35,6,0,3
BRDA:35,6,1,3
BRDA:35,6,2,3
BRDA:35,6,3,3
BRF:13
BRH:13
end_of_record
TN:
SF:Proxy\carpetaPrivadaProxy.ts
FN:8,(anonymous_0)
FNF:1
FNH:1
FNDA:4,(anonymous_0)
DA:1,1
DA:4,1
DA:9,4
DA:10,4
DA:11,1
DA:13,4
LF:6
LH:6
BRDA:9,0,0,4
BRDA:10,1,0,1
BRF:2
BRH:2
end_of_record
