TN:
SF:contacto.ts
FN:6,(anonymous_0)
FN:12,(anonymous_1)
FN:16,(anonymous_2)
FNF:3
FNH:1
FNDA:28,(anonymous_0)
FNDA:0,(anonymous_1)
FNDA:0,(anonymous_2)
DA:1,1
DA:3,28
DA:4,28
DA:8,28
DA:9,28
DA:13,0
DA:17,0
LF:7
LH:5
BRF:0
BRH:0
end_of_record
TN:
SF:CarpetaComposite\CarpetaComposite.ts
FN:8,(anonymous_0)
FN:15,(anonymous_1)
FN:29,(anonymous_2)
FN:33,(anonymous_3)
FNF:4
FNH:3
FNDA:5,(anonymous_0)
FNDA:4,(anonymous_1)
FNDA:10,(anonymous_2)
FNDA:0,(anonymous_3)
DA:1,1
DA:3,1
DA:4,5
DA:9,5
DA:10,5
DA:11,5
DA:18,4
DA:19,4
DA:20,14
DA:21,1
DA:23,13
DA:26,4
DA:30,10
DA:34,0
DA:35,0
DA:36,0
LF:16
LH:13
BRDA:8,0,0,5
BRDA:8,1,0,5
BRDA:20,2,0,1
BRDA:20,2,1,13
BRDA:35,3,0,0
BRF:5
BRH:4
end_of_record
TN:
SF:CarpetaComposite\EmailComponent.ts
FN:5,(anonymous_0)
FNF:1
FNH:1
FNDA:19,(anonymous_0)
DA:1,1
DA:2,19
DA:3,19
DA:6,19
DA:7,19
LF:5
LH:5
BRF:0
BRH:0
end_of_record
TN:
SF:CarpetaComposite\EmailLeaf.ts
FN:8,(anonymous_0)
FNF:1
FNH:1
FNDA:14,(anonymous_0)
DA:2,1
DA:4,1
DA:6,14
DA:9,14
DA:10,14
DA:11,14
LF:6
LH:6
BRF:0
BRH:0
end_of_record
TN:
SF:EmailManagerSingleton\EmailManagerSing.ts
FN:12,(anonymous_0)
FN:17,(anonymous_1)
FN:27,(anonymous_2)
FN:34,(anonymous_3)
FN:42,(anonymous_4)
FNF:5
FNH:5
FNDA:1,(anonymous_0)
FNDA:1,(anonymous_1)
FNDA:1,(anonymous_2)
FNDA:3,(anonymous_3)
FNDA:4,(anonymous_4)
DA:2,1
DA:5,1
DA:8,1
DA:9,1
DA:19,1
DA:20,1
DA:23,1
DA:29,1
DA:30,1
DA:35,3
DA:36,3
DA:37,3
DA:39,0
DA:43,4
LF:14
LH:13
BRDA:19,0,0,1
BRDA:29,1,0,1
BRDA:29,2,0,1
BRDA:29,2,1,1
BRDA:29,2,2,1
BRDA:29,2,3,1
BRDA:34,3,0,2
BRDA:34,4,0,2
BRDA:35,5,0,3
BRDA:35,6,0,3
BRDA:35,6,1,3
BRDA:35,6,2,3
BRDA:35,6,3,3
BRF:13
BRH:13
end_of_record
